01499_xception.ckpt
01499_xception.ckpt
2786504
------------------------------------------------------------------------
Epoch 0/4 Batch 0/16991 Stage: test Logloss: 2.5124 Accuracy: 0.1402
Epoch 0/4 Batch 100/16991 Stage: test Logloss: 1.3122 Accuracy: 0.4146
Epoch 0/4 Batch 200/16991 Stage: test Logloss: 1.6591 Accuracy: 0.2012
Epoch 0/4 Batch 300/16991 Stage: test Logloss: 1.6930 Accuracy: 0.2744
Epoch 0/4 Batch 400/16991 Stage: test Logloss: 3.6758 Accuracy: 0.0427
Epoch 0/4 Batch 500/16991 Stage: test Logloss: 1.4338 Accuracy: 0.3841
Epoch 0/4 Batch 600/16991 Stage: test Logloss: 1.6397 Accuracy: 0.0427
Epoch 0/4 Batch 700/16991 Stage: test Logloss: 1.3210 Accuracy: 0.3720
Epoch 0/4 Batch 800/16991 Stage: test Logloss: 1.2064 Accuracy: 0.4329
Epoch 0/4 Batch 900/16991 Stage: test Logloss: 1.3620 Accuracy: 0.3415
Epoch 0/4 Batch 1000/16991 Stage: test Logloss: 2.7630 Accuracy: 0.0793
Epoch 0/4 Batch 1100/16991 Stage: test Logloss: 1.3232 Accuracy: 0.3720
Epoch 0/4 Batch 1200/16991 Stage: test Logloss: 1.4386 Accuracy: 0.2866
Epoch 0/4 Batch 1300/16991 Stage: test Logloss: 2.5652 Accuracy: 0.1585
Epoch 0/4 Batch 1400/16991 Stage: test Logloss: 0.0868 Accuracy: 0.9878
Epoch 0/4 Batch 1500/16991 Stage: test Logloss: 0.0435 Accuracy: 1.0000
Epoch 0/4 Batch 1600/16991 Stage: test Logloss: 0.1060 Accuracy: 0.9695
Epoch 0/4 Batch 1700/16991 Stage: test Logloss: 0.0338 Accuracy: 1.0000
Epoch 0/4 Batch 1800/16991 Stage: test Logloss: 0.0620 Accuracy: 0.9939
Epoch 0/4 Batch 1900/16991 Stage: test Logloss: 0.1202 Accuracy: 0.9695
Epoch 0/4 Batch 2000/16991 Stage: test Logloss: 0.0573 Accuracy: 1.0000
Epoch 0/4 Batch 2100/16991 Stage: test Logloss: 0.0826 Accuracy: 0.9695
Epoch 0/4 Batch 2200/16991 Stage: test Logloss: 0.0865 Accuracy: 0.9878
Epoch 0/4 Batch 2300/16991 Stage: test Logloss: 0.0336 Accuracy: 1.0000
Epoch 0/4 Batch 2400/16991 Stage: test Logloss: 0.0762 Accuracy: 1.0000
Epoch 0/4 Batch 2500/16991 Stage: test Logloss: 0.0321 Accuracy: 1.0000
Epoch 0/4 Batch 2600/16991 Stage: test Logloss: 0.0931 Accuracy: 0.9756
Epoch 0/4 Batch 2700/16991 Stage: test Logloss: 0.0320 Accuracy: 1.0000
Epoch 0/4 Batch 2800/16991 Stage: test Logloss: 0.0409 Accuracy: 1.0000
Epoch 0/4 Batch 2900/16991 Stage: test Logloss: 0.0347 Accuracy: 0.9939
Epoch 0/4 Batch 3000/16991 Stage: test Logloss: 0.0464 Accuracy: 0.9939
Epoch 0/4 Batch 3100/16991 Stage: test Logloss: 0.0670 Accuracy: 1.0000
Epoch 0/4 Batch 3200/16991 Stage: test Logloss: 0.0618 Accuracy: 1.0000
Epoch 0/4 Batch 3300/16991 Stage: test Logloss: 0.0411 Accuracy: 1.0000
Epoch 0/4 Batch 3400/16991 Stage: test Logloss: 0.0327 Accuracy: 1.0000
Epoch 0/4 Batch 3500/16991 Stage: test Logloss: 0.0268 Accuracy: 1.0000
Epoch 0/4 Batch 3600/16991 Stage: test Logloss: 0.0461 Accuracy: 1.0000
Epoch 0/4 Batch 3700/16991 Stage: test Logloss: 0.0499 Accuracy: 1.0000
Epoch 0/4 Batch 3800/16991 Stage: test Logloss: 0.0532 Accuracy: 0.9878
Epoch 0/4 Batch 3900/16991 Stage: test Logloss: 0.0875 Accuracy: 0.9878
Epoch 0/4 Batch 4000/16991 Stage: test Logloss: 0.0973 Accuracy: 0.9695
Epoch 0/4 Batch 4100/16991 Stage: test Logloss: 0.1463 Accuracy: 0.9939
Epoch 0/4 Batch 4200/16991 Stage: test Logloss: 0.0423 Accuracy: 1.0000
Epoch 0/4 Batch 4300/16991 Stage: test Logloss: 0.0224 Accuracy: 1.0000
Epoch 0/4 Batch 4400/16991 Stage: test Logloss: 0.1417 Accuracy: 1.0000
Epoch 0/4 Batch 4500/16991 Stage: test Logloss: 0.0562 Accuracy: 1.0000
Epoch 0/4 Batch 4600/16991 Stage: test Logloss: 0.0629 Accuracy: 0.9939
Epoch 0/4 Batch 4700/16991 Stage: test Logloss: 0.2614 Accuracy: 0.9207
Epoch 0/4 Batch 4800/16991 Stage: test Logloss: 0.2446 Accuracy: 0.8780
Epoch 0/4 Batch 4900/16991 Stage: test Logloss: 0.0446 Accuracy: 1.0000
Epoch 0/4 Batch 5000/16991 Stage: test Logloss: 0.0582 Accuracy: 1.0000
Epoch 0/4 Batch 5100/16991 Stage: test Logloss: 0.0413 Accuracy: 1.0000
Epoch 0/4 Batch 5200/16991 Stage: test Logloss: 0.2608 Accuracy: 0.9878
Epoch 0/4 Batch 5300/16991 Stage: test Logloss: 0.1931 Accuracy: 0.9268
Epoch 0/4 Batch 5400/16991 Stage: test Logloss: 0.0448 Accuracy: 1.0000
Epoch 0/4 Batch 5500/16991 Stage: test Logloss: 0.0763 Accuracy: 0.9817
Epoch 0/4 Batch 5600/16991 Stage: test Logloss: 0.0578 Accuracy: 1.0000
Epoch 0/4 Batch 5700/16991 Stage: test Logloss: 0.0426 Accuracy: 1.0000
Epoch 0/4 Batch 5800/16991 Stage: test Logloss: 0.0265 Accuracy: 1.0000
Epoch 0/4 Batch 5900/16991 Stage: test Logloss: 0.1228 Accuracy: 0.9817
Epoch 0/4 Batch 6000/16991 Stage: test Logloss: 0.0644 Accuracy: 1.0000
Epoch 0/4 Batch 6100/16991 Stage: test Logloss: 0.0521 Accuracy: 0.9939
Epoch 0/4 Batch 6200/16991 Stage: test Logloss: 0.0743 Accuracy: 0.9939
Epoch 0/4 Batch 6300/16991 Stage: test Logloss: 0.0316 Accuracy: 0.9939
Epoch 0/4 Batch 6400/16991 Stage: test Logloss: 0.0392 Accuracy: 1.0000
Epoch 0/4 Batch 6500/16991 Stage: test Logloss: 0.0640 Accuracy: 0.9939
Epoch 0/4 Batch 6600/16991 Stage: test Logloss: 0.0383 Accuracy: 1.0000
Epoch 0/4 Batch 6700/16991 Stage: test Logloss: 0.1395 Accuracy: 0.9878
Epoch 0/4 Batch 6800/16991 Stage: test Logloss: 0.0940 Accuracy: 0.9939
Epoch 0/4 Batch 6900/16991 Stage: test Logloss: 0.0598 Accuracy: 1.0000
Epoch 0/4 Batch 7000/16991 Stage: test Logloss: 0.0246 Accuracy: 1.0000
Epoch 0/4 Batch 7100/16991 Stage: test Logloss: 0.1491 Accuracy: 0.9573
Epoch 0/4 Batch 7200/16991 Stage: test Logloss: 0.0737 Accuracy: 1.0000
Epoch 0/4 Batch 7300/16991 Stage: test Logloss: 0.0288 Accuracy: 1.0000
Epoch 0/4 Batch 7400/16991 Stage: test Logloss: 0.0517 Accuracy: 1.0000
Epoch 0/4 Batch 7500/16991 Stage: test Logloss: 0.2753 Accuracy: 0.8963
Epoch 0/4 Batch 7600/16991 Stage: test Logloss: 0.0916 Accuracy: 0.9939
Epoch 0/4 Batch 7700/16991 Stage: test Logloss: 0.0721 Accuracy: 0.9939
Epoch 0/4 Batch 7800/16991 Stage: test Logloss: 0.0557 Accuracy: 0.9939
Epoch 0/4 Batch 7900/16991 Stage: test Logloss: 0.0588 Accuracy: 1.0000
Epoch 0/4 Batch 8000/16991 Stage: test Logloss: 0.0273 Accuracy: 1.0000
Epoch 0/4 Batch 8100/16991 Stage: test Logloss: 0.0500 Accuracy: 0.9939
Epoch 0/4 Batch 8200/16991 Stage: test Logloss: 0.0356 Accuracy: 1.0000
Epoch 0/4 Batch 8300/16991 Stage: test Logloss: 0.0793 Accuracy: 1.0000
Epoch 0/4 Batch 8400/16991 Stage: test Logloss: 0.1749 Accuracy: 0.9634
Epoch 0/4 Batch 8500/16991 Stage: test Logloss: 0.0687 Accuracy: 1.0000
Epoch 0/4 Batch 8600/16991 Stage: test Logloss: 0.0567 Accuracy: 1.0000
Epoch 0/4 Batch 8700/16991 Stage: test Logloss: 0.0557 Accuracy: 1.0000
Epoch 0/4 Batch 8800/16991 Stage: test Logloss: 0.0949 Accuracy: 1.0000
Epoch 0/4 Batch 8900/16991 Stage: test Logloss: 0.0353 Accuracy: 1.0000
Epoch 0/4 Batch 9000/16991 Stage: test Logloss: 0.1038 Accuracy: 0.9878
Epoch 0/4 Batch 9100/16991 Stage: test Logloss: 0.0456 Accuracy: 1.0000
Epoch 0/4 Batch 9200/16991 Stage: test Logloss: 0.0784 Accuracy: 0.9878
Epoch 0/4 Batch 9300/16991 Stage: test Logloss: 0.0658 Accuracy: 1.0000
Epoch 0/4 Batch 9400/16991 Stage: test Logloss: 0.3255 Accuracy: 0.9512
Epoch 0/4 Batch 9500/16991 Stage: test Logloss: 0.1417 Accuracy: 0.9756
Epoch 0/4 Batch 9600/16991 Stage: test Logloss: 0.0347 Accuracy: 1.0000
Epoch 0/4 Batch 9700/16991 Stage: test Logloss: 0.0327 Accuracy: 1.0000
Epoch 0/4 Batch 9800/16991 Stage: test Logloss: 0.0207 Accuracy: 1.0000
Epoch 0/4 Batch 9900/16991 Stage: test Logloss: 0.0204 Accuracy: 1.0000
Epoch 0/4 Batch 10000/16991 Stage: test Logloss: 0.0505 Accuracy: 1.0000
Epoch 0/4 Batch 10100/16991 Stage: test Logloss: 0.0298 Accuracy: 1.0000
Epoch 0/4 Batch 10200/16991 Stage: test Logloss: 0.0251 Accuracy: 1.0000
Epoch 0/4 Batch 10300/16991 Stage: test Logloss: 0.1657 Accuracy: 0.9817
Epoch 0/4 Batch 10400/16991 Stage: test Logloss: 0.0680 Accuracy: 1.0000
Epoch 0/4 Batch 10500/16991 Stage: test Logloss: 0.0234 Accuracy: 1.0000
Epoch 0/4 Batch 10600/16991 Stage: test Logloss: 0.0399 Accuracy: 1.0000
Epoch 0/4 Batch 10700/16991 Stage: test Logloss: 0.0780 Accuracy: 0.9878
Epoch 0/4 Batch 10800/16991 Stage: test Logloss: 0.0496 Accuracy: 1.0000
Epoch 0/4 Batch 10900/16991 Stage: test Logloss: 0.0632 Accuracy: 0.9878
Epoch 0/4 Batch 11000/16991 Stage: test Logloss: 0.0476 Accuracy: 1.0000
Epoch 0/4 Batch 11100/16991 Stage: test Logloss: 0.0413 Accuracy: 1.0000
Epoch 0/4 Batch 11200/16991 Stage: test Logloss: 0.1091 Accuracy: 0.9756
Epoch 0/4 Batch 11300/16991 Stage: test Logloss: 0.1157 Accuracy: 0.9634
Epoch 0/4 Batch 11400/16991 Stage: test Logloss: 0.0386 Accuracy: 1.0000
Epoch 0/4 Batch 11500/16991 Stage: test Logloss: 0.0833 Accuracy: 1.0000
Epoch 0/4 Batch 11600/16991 Stage: test Logloss: 0.0496 Accuracy: 1.0000
Epoch 0/4 Batch 11700/16991 Stage: test Logloss: 0.0337 Accuracy: 1.0000
Epoch 0/4 Batch 11800/16991 Stage: test Logloss: 0.0594 Accuracy: 1.0000
Epoch 0/4 Batch 11900/16991 Stage: test Logloss: 0.1252 Accuracy: 0.9695
Epoch 0/4 Batch 12000/16991 Stage: test Logloss: 0.0996 Accuracy: 1.0000
Epoch 0/4 Batch 12100/16991 Stage: test Logloss: 0.0520 Accuracy: 1.0000
Epoch 0/4 Batch 12200/16991 Stage: test Logloss: 0.1197 Accuracy: 0.9512
Epoch 0/4 Batch 12300/16991 Stage: test Logloss: 0.0884 Accuracy: 0.9756
Epoch 0/4 Batch 12400/16991 Stage: test Logloss: 0.0463 Accuracy: 1.0000
Epoch 0/4 Batch 12500/16991 Stage: test Logloss: 0.0429 Accuracy: 0.9939
Epoch 0/4 Batch 12600/16991 Stage: test Logloss: 0.0702 Accuracy: 1.0000
Epoch 0/4 Batch 12700/16991 Stage: test Logloss: 0.0783 Accuracy: 0.9756
Epoch 0/4 Batch 12800/16991 Stage: test Logloss: 0.0498 Accuracy: 1.0000
Epoch 0/4 Batch 12900/16991 Stage: test Logloss: 0.0498 Accuracy: 0.9939
Epoch 0/4 Batch 13000/16991 Stage: test Logloss: 0.0566 Accuracy: 0.9939
Epoch 0/4 Batch 13100/16991 Stage: test Logloss: 0.0760 Accuracy: 1.0000
Epoch 0/4 Batch 13200/16991 Stage: test Logloss: 0.0755 Accuracy: 1.0000
Epoch 0/4 Batch 13300/16991 Stage: test Logloss: 0.0239 Accuracy: 1.0000
Epoch 0/4 Batch 13400/16991 Stage: test Logloss: 0.0524 Accuracy: 1.0000
Epoch 0/4 Batch 13500/16991 Stage: test Logloss: 0.1201 Accuracy: 0.9939
Epoch 0/4 Batch 13600/16991 Stage: test Logloss: 0.0726 Accuracy: 0.9817
Epoch 0/4 Batch 13700/16991 Stage: test Logloss: 0.0678 Accuracy: 0.9878
Epoch 0/4 Batch 13800/16991 Stage: test Logloss: 0.0412 Accuracy: 0.9939
Epoch 0/4 Batch 13900/16991 Stage: test Logloss: 0.0382 Accuracy: 1.0000
Epoch 0/4 Batch 14000/16991 Stage: test Logloss: 0.0421 Accuracy: 0.9939
Epoch 0/4 Batch 14100/16991 Stage: test Logloss: 0.0448 Accuracy: 1.0000
Epoch 0/4 Batch 14200/16991 Stage: test Logloss: 0.0518 Accuracy: 0.9939
Epoch 0/4 Batch 14300/16991 Stage: test Logloss: 0.0485 Accuracy: 0.9939
Epoch 0/4 Batch 14400/16991 Stage: test Logloss: 0.0768 Accuracy: 1.0000
Epoch 0/4 Batch 14500/16991 Stage: test Logloss: 0.0515 Accuracy: 1.0000
Epoch 0/4 Batch 14600/16991 Stage: test Logloss: 0.0303 Accuracy: 1.0000
Epoch 0/4 Batch 14700/16991 Stage: test Logloss: 0.0224 Accuracy: 1.0000
Epoch 0/4 Batch 14800/16991 Stage: test Logloss: 0.0451 Accuracy: 1.0000
Epoch 0/4 Batch 14900/16991 Stage: test Logloss: 0.0589 Accuracy: 1.0000
Epoch 0/4 Batch 15000/16991 Stage: test Logloss: 0.0882 Accuracy: 0.9939
Epoch 0/4 Batch 15100/16991 Stage: test Logloss: 0.0257 Accuracy: 1.0000
Epoch 0/4 Batch 15200/16991 Stage: test Logloss: 0.0974 Accuracy: 1.0000
Epoch 0/4 Batch 15300/16991 Stage: test Logloss: 0.0621 Accuracy: 1.0000
Epoch 0/4 Batch 15400/16991 Stage: test Logloss: 0.0267 Accuracy: 1.0000
Epoch 0/4 Batch 15500/16991 Stage: test Logloss: 0.0522 Accuracy: 1.0000
Epoch 0/4 Batch 15600/16991 Stage: test Logloss: 0.0761 Accuracy: 0.9939
Epoch 0/4 Batch 15700/16991 Stage: test Logloss: 0.0459 Accuracy: 1.0000
Epoch 0/4 Batch 15800/16991 Stage: test Logloss: 0.0296 Accuracy: 1.0000
Epoch 0/4 Batch 15900/16991 Stage: test Logloss: 0.3150 Accuracy: 0.8841
Epoch 0/4 Batch 16000/16991 Stage: test Logloss: 0.0773 Accuracy: 0.9756
Epoch 0/4 Batch 16100/16991 Stage: test Logloss: 0.0460 Accuracy: 1.0000
Epoch 0/4 Batch 16200/16991 Stage: test Logloss: 0.0731 Accuracy: 1.0000
Epoch 0/4 Batch 16300/16991 Stage: test Logloss: 1.1617 Accuracy: 0.3720
Epoch 0/4 Batch 16400/16991 Stage: test Logloss: 0.8414 Accuracy: 0.5183
Epoch 0/4 Batch 16500/16991 Stage: test Logloss: 1.6000 Accuracy: 0.1951
Epoch 0/4 Batch 16600/16991 Stage: test Logloss: 1.0836 Accuracy: 0.3537
Epoch 0/4 Batch 16700/16991 Stage: test Logloss: 1.5574 Accuracy: 0.0732
Epoch 0/4 Batch 16800/16991 Stage: test Logloss: 1.7532 Accuracy: 0.2561
Epoch 0/4 Batch 16900/16991 Stage: test Logloss: 0.8464 Accuracy: 0.5488
**Epoch 0/4 Stage: test Logloss: 0.2347 Accuracy: 0.9147
**Epoch 0/4 Stage: test TNR: 0.37 FPR: 0.63 FNR: 0.01 TPR: 0.99 
***************************************************
test_loss = 0.23468065706405483
02999_xception.ckpt
2786504
------------------------------------------------------------------------
Epoch 0/4 Batch 0/16991 Stage: test Logloss: 2.5632 Accuracy: 0.1037
Epoch 0/4 Batch 100/16991 Stage: test Logloss: 1.9324 Accuracy: 0.2134
Epoch 0/4 Batch 200/16991 Stage: test Logloss: 2.6220 Accuracy: 0.0244
Epoch 0/4 Batch 300/16991 Stage: test Logloss: 1.9293 Accuracy: 0.1768
Epoch 0/4 Batch 400/16991 Stage: test Logloss: 3.8400 Accuracy: 0.0305
Epoch 0/4 Batch 500/16991 Stage: test Logloss: 1.6857 Accuracy: 0.2134
Epoch 0/4 Batch 600/16991 Stage: test Logloss: 2.7263 Accuracy: 0.0061
Epoch 0/4 Batch 700/16991 Stage: test Logloss: 1.3640 Accuracy: 0.3476
Epoch 0/4 Batch 800/16991 Stage: test Logloss: 1.6684 Accuracy: 0.3171
Epoch 0/4 Batch 900/16991 Stage: test Logloss: 1.1175 Accuracy: 0.4817
Epoch 0/4 Batch 1000/16991 Stage: test Logloss: 2.9509 Accuracy: 0.0427
Epoch 0/4 Batch 1100/16991 Stage: test Logloss: 1.9617 Accuracy: 0.2561
Epoch 0/4 Batch 1200/16991 Stage: test Logloss: 1.3195 Accuracy: 0.3720
Epoch 0/4 Batch 1300/16991 Stage: test Logloss: 2.4909 Accuracy: 0.0915
Epoch 0/4 Batch 1400/16991 Stage: test Logloss: 0.0659 Accuracy: 1.0000
Epoch 0/4 Batch 1500/16991 Stage: test Logloss: 0.0444 Accuracy: 1.0000
Epoch 0/4 Batch 1600/16991 Stage: test Logloss: 0.0405 Accuracy: 1.0000
Epoch 0/4 Batch 1700/16991 Stage: test Logloss: 0.0519 Accuracy: 0.9939
Epoch 0/4 Batch 1800/16991 Stage: test Logloss: 0.0403 Accuracy: 1.0000
Epoch 0/4 Batch 1900/16991 Stage: test Logloss: 0.0645 Accuracy: 0.9939
Epoch 0/4 Batch 2000/16991 Stage: test Logloss: 0.0503 Accuracy: 1.0000
Epoch 0/4 Batch 2100/16991 Stage: test Logloss: 0.0661 Accuracy: 0.9756
Epoch 0/4 Batch 2200/16991 Stage: test Logloss: 0.0890 Accuracy: 0.9817
Epoch 0/4 Batch 2300/16991 Stage: test Logloss: 0.0314 Accuracy: 1.0000
Epoch 0/4 Batch 2400/16991 Stage: test Logloss: 0.0443 Accuracy: 1.0000
Epoch 0/4 Batch 2500/16991 Stage: test Logloss: 0.0302 Accuracy: 1.0000
Epoch 0/4 Batch 2600/16991 Stage: test Logloss: 0.0319 Accuracy: 0.9939
Epoch 0/4 Batch 2700/16991 Stage: test Logloss: 0.0356 Accuracy: 1.0000
Epoch 0/4 Batch 2800/16991 Stage: test Logloss: 0.0452 Accuracy: 1.0000
Epoch 0/4 Batch 2900/16991 Stage: test Logloss: 0.0361 Accuracy: 1.0000
Epoch 0/4 Batch 3000/16991 Stage: test Logloss: 0.0243 Accuracy: 1.0000
Epoch 0/4 Batch 3100/16991 Stage: test Logloss: 0.1025 Accuracy: 0.9939
Epoch 0/4 Batch 3200/16991 Stage: test Logloss: 0.0349 Accuracy: 1.0000
Epoch 0/4 Batch 3300/16991 Stage: test Logloss: 0.0229 Accuracy: 1.0000
Epoch 0/4 Batch 3400/16991 Stage: test Logloss: 0.0244 Accuracy: 1.0000
Epoch 0/4 Batch 3500/16991 Stage: test Logloss: 0.0276 Accuracy: 1.0000
Epoch 0/4 Batch 3600/16991 Stage: test Logloss: 0.0368 Accuracy: 0.9939
Epoch 0/4 Batch 3700/16991 Stage: test Logloss: 0.0332 Accuracy: 1.0000
Epoch 0/4 Batch 3800/16991 Stage: test Logloss: 0.0315 Accuracy: 1.0000
Epoch 0/4 Batch 3900/16991 Stage: test Logloss: 0.0493 Accuracy: 0.9939
Epoch 0/4 Batch 4000/16991 Stage: test Logloss: 0.0545 Accuracy: 0.9939
Epoch 0/4 Batch 4100/16991 Stage: test Logloss: 0.0559 Accuracy: 1.0000
Epoch 0/4 Batch 4200/16991 Stage: test Logloss: 0.0280 Accuracy: 1.0000
